#
# A fatal error has been detected by the Java Runtime Environment:
#
#  EXCEPTION_ACCESS_VIOLATION (0xc0000005) at pc=0x0000000180003ae0, pid=16324, tid=15564
#
# JRE version: Java(TM) SE Runtime Environment (8.0_60-b27) (build 1.8.0_60-b27)
# Java VM: Java HotSpot(TM) 64-Bit Server VM (25.60-b23 mixed mode windows-amd64 compressed oops)
# Problematic frame:
# C  0x0000000180003ae0
#
# Failed to write core dump. Minidumps are not enabled by default on client versions of Windows
#
# If you would like to submit a bug report, please visit:
#   http://bugreport.java.com/bugreport/crash.jsp
# The crash happened outside the Java Virtual Machine in native code.
# See problematic frame for where to report the bug.
#

---------------  T H R E A D  ---------------

Current thread (0x00000000026a0800):  JavaThread "main" [_thread_in_native, id=15564, stack(0x0000000002570000,0x0000000002670000)]

siginfo: ExceptionCode=0xc0000005, ExceptionInformation=0x0000000000000008 0x0000000180003ae0

Registers:
RAX=0x0000000180003ae0, RBX=0x00000000221af2b0, RCX=0x00000000026a09f8, RDX=0x000000000266f240
RSP=0x000000000266f1b8, RBP=0x000000000266f230, RSI=0x0000000060200021, RDI=0x0000000000000001
R8 =0x0000000000000044, R9 =0x000000076bdbe1d0, R10=0x00000000027b5e08, R11=0x0000000075729440
R12=0x0000000000000000, R13=0x00000000221af2b0, R14=0x000000000266f258, R15=0x00000000026a0800
RIP=0x0000000180003ae0, EFLAGS=0x0000000000010206

Top of Stack: (sp=0x000000000266f1b8)
0x000000000266f1b8:   00000000027b5e34 0000000000000000
0x000000000266f1c8:   0000000000000000 0000000000000000
0x000000000266f1d8:   000000007563b829 000000076bfacbf0
0x000000000266f1e8:   00000000029f4349 000000000266f1f0
0x000000000266f1f8:   0000000000000000 000000000266f258
0x000000000266f208:   00000000221cc8a8 0000000000000000
0x000000000266f218:   00000000221af2b0 0000000000000000
0x000000000266f228:   000000000266f250 000000000266f2a8
0x000000000266f238:   00000000027a7800 000000076bf18900
0x000000000266f248:   00000000027af977 0000000000000044
0x000000000266f258:   0000000000000044 000000076bfacbf0
0x000000000266f268:   000000000266f268 00000000221acdc3
0x000000000266f278:   000000000266f2c8 00000000221cc8a8
0x000000000266f288:   0000000000000000 00000000221ace20
0x000000000266f298:   000000000266f250 000000000266f2b8
0x000000000266f2a8:   000000000266f320 00000000027a7ced 

Instructions: (pc=0x0000000180003ae0)
0x0000000180003ac0:   
[error occurred during error reporting (printing registers, top of stack, instructions near pc), id 0xc0000005]

Register to memory mapping:

RAX=0x0000000180003ae0 is an unknown value
RBX={method} {0x00000000221af2b8} 'malloc' '(J)J' in 'com/sun/jna/Memory'
RCX=0x00000000026a09f8 is an unknown value
RDX=0x000000000266f240 is pointing into the stack for thread: 0x00000000026a0800
RSP=0x000000000266f1b8 is pointing into the stack for thread: 0x00000000026a0800
RBP=0x000000000266f230 is pointing into the stack for thread: 0x00000000026a0800
RSI=0x0000000060200021 is an unknown value
RDI=0x0000000000000001 is an unknown value
R8 =0x0000000000000044 is an unknown value
R9 =0x000000076bdbe1d0 is an oop
java.lang.Class 
 - klass: 'java/lang/Class'
R10=0x00000000027b5e08 is at code_begin+840 in an Interpreter codelet
method entry point (kind = native)  [0x00000000027b5ac0, 0x00000000027b6420]  2400 bytes
R11=0x0000000075729440 is an unknown value
R12=0x0000000000000000 is an unknown value
R13={method} {0x00000000221af2b8} 'malloc' '(J)J' in 'com/sun/jna/Memory'
R14=0x000000000266f258 is pointing into the stack for thread: 0x00000000026a0800
R15=0x00000000026a0800 is a thread


Stack: [0x0000000002570000,0x0000000002670000],  sp=0x000000000266f1b8,  free space=1020k
Native frames: (J=compiled Java code, j=interpreted, Vv=VM code, C=native code)
C  0x0000000180003ae0

Java frames: (J=compiled Java code, j=interpreted, Vv=VM code)
j  com.sun.jna.Memory.malloc(J)J+0
j  com.sun.jna.Memory.<init>(J)V+27
j  com.sun.jna.NativeString.<init>(Ljava/lang/String;Z)V+45
j  com.sun.jna.Function.convertArgument([Ljava/lang/Object;ILjava/lang/reflect/Method;Lcom/sun/jna/TypeMapper;Z)Ljava/lang/Object;+372
j  com.sun.jna.Function.invoke(Ljava/lang/Class;[Ljava/lang/Object;Ljava/util/Map;)Ljava/lang/Object;+114
j  com.sun.jna.Library$Handler.invoke(Ljava/lang/Object;Ljava/lang/reflect/Method;[Ljava/lang/Object;)Ljava/lang/Object;+341
j  com.sun.proxy.$Proxy0.SystemParametersInfo(IILjava/lang/String;I)Z+38
j  WallpaperChanger.runProgram(Ljava/lang/String;Ljava/util/HashMap;)V+58
j  WallpaperChanger.main([Ljava/lang/String;)V+31
v  ~StubRoutines::call_stub

---------------  P R O C E S S  ---------------

Java Threads: ( => current thread )
  0x000000001f05a000 JavaThread "AWT-EventQueue-0" [_thread_blocked, id=16824, stack(0x0000000021bc0000,0x0000000021cc0000)]
  0x000000001f049800 JavaThread "AWT-Shutdown" [_thread_blocked, id=17312, stack(0x000000001f9d0000,0x000000001fad0000)]
  0x000000001f048800 JavaThread "Java2D Disposer" daemon [_thread_blocked, id=5304, stack(0x000000001f8d0000,0x000000001f9d0000)]
  0x000000001e3c3800 JavaThread "Service Thread" daemon [_thread_blocked, id=15728, stack(0x000000001ecf0000,0x000000001edf0000)]
  0x000000001e32e800 JavaThread "C1 CompilerThread3" daemon [_thread_blocked, id=15464, stack(0x000000001ebf0000,0x000000001ecf0000)]
  0x000000001e32b800 JavaThread "C2 CompilerThread2" daemon [_thread_blocked, id=16796, stack(0x000000001eaf0000,0x000000001ebf0000)]
  0x000000001e318800 JavaThread "C2 CompilerThread1" daemon [_thread_blocked, id=14764, stack(0x000000001e9f0000,0x000000001eaf0000)]
  0x000000001e315800 JavaThread "C2 CompilerThread0" daemon [_thread_blocked, id=15088, stack(0x000000001e8f0000,0x000000001e9f0000)]
  0x000000001e314000 JavaThread "Attach Listener" daemon [_thread_blocked, id=10140, stack(0x000000001e7f0000,0x000000001e8f0000)]
  0x000000001c22d000 JavaThread "Signal Dispatcher" daemon [_thread_blocked, id=5088, stack(0x000000001e6f0000,0x000000001e7f0000)]
  0x0000000002798800 JavaThread "Finalizer" daemon [_thread_blocked, id=1680, stack(0x000000001e110000,0x000000001e210000)]
  0x000000001c21d800 JavaThread "Reference Handler" daemon [_thread_blocked, id=15216, stack(0x000000001e010000,0x000000001e110000)]
=>0x00000000026a0800 JavaThread "main" [_thread_in_native, id=15564, stack(0x0000000002570000,0x0000000002670000)]

Other Threads:
  0x000000001c219800 VMThread [stack: 0x000000001df10000,0x000000001e010000] [id=8792]
  0x000000001e3f5800 WatcherThread [stack: 0x000000001edf0000,0x000000001eef0000] [id=16888]

VM state:not at safepoint (normal execution)

VM Mutex/Monitor currently owned by a thread: None

Heap:
 PSYoungGen      total 76288K, used 15731K [0x000000076b380000, 0x0000000770880000, 0x00000007c0000000)
  eden space 65536K, 24% used [0x000000076b380000,0x000000076c2dcf20,0x000000076f380000)
  from space 10752K, 0% used [0x000000076fe00000,0x000000076fe00000,0x0000000770880000)
  to   space 10752K, 0% used [0x000000076f380000,0x000000076f380000,0x000000076fe00000)
 ParOldGen       total 175104K, used 0K [0x00000006c1a00000, 0x00000006cc500000, 0x000000076b380000)
  object space 175104K, 0% used [0x00000006c1a00000,0x00000006c1a00000,0x00000006cc500000)
 Metaspace       used 10261K, capacity 10434K, committed 10624K, reserved 1058816K
  class space    used 1228K, capacity 1326K, committed 1408K, reserved 1048576K

Card table byte_map: [0x0000000011b60000,0x0000000012360000] byte_map_base: 0x000000000e553000

Marking Bits: (ParMarkBitMap*) 0x0000000075d0a5b0
 Begin Bits: [0x00000000130b0000, 0x0000000017048000)
 End Bits:   [0x0000000017048000, 0x000000001afe0000)

Polling page: 0x0000000000d70000

CodeCache: size=245760Kb used=2381Kb max_used=2381Kb free=243378Kb
 bounds [0x00000000027a0000, 0x0000000002a10000, 0x00000000117a0000]
 total_blobs=1072 nmethods=597 adapters=388
 compilation: enabled

Compilation events (10 events):
Event: 3.909 Thread 0x000000001e32e800  591       3       java.security.AccessControlContext::calculateFields (89 bytes)
Event: 3.910 Thread 0x000000001e32e800 nmethod 591 0x00000000029f18d0 code [0x00000000029f1a60, 0x00000000029f1e18]
Event: 3.925 Thread 0x000000001e32e800  593       3       java.util.concurrent.locks.ReentrantLock$Sync::tryRelease (45 bytes)
Event: 3.926 Thread 0x000000001e32e800 nmethod 593 0x00000000029f22d0 code [0x00000000029f2460, 0x00000000029f2a08]
Event: 3.933 Thread 0x000000001e32e800  594       3       java.util.ArrayList::iterator (10 bytes)
Event: 3.934 Thread 0x000000001e32e800 nmethod 594 0x00000000029f2b50 code [0x00000000029f2cc0, 0x00000000029f2fb0]
Event: 3.942 Thread 0x000000001e32e800  595       3       java.awt.Container::getChildAt (54 bytes)
Event: 3.943 Thread 0x000000001e32e800 nmethod 595 0x00000000029f3110 code [0x00000000029f32a0, 0x00000000029f3898]
Event: 3.949 Thread 0x000000001e32e800  596       3       java.util.concurrent.locks.ReentrantLock::unlock (10 bytes)
Event: 3.950 Thread 0x000000001e32e800 nmethod 596 0x00000000029f3a10 code [0x00000000029f3ba0, 0x00000000029f3fb8]

GC Heap History (0 events):
No events

Deoptimization events (2 events):
Event: 0.114 Thread 0x00000000026a0800 Uncommon trap: reason=null_check action=make_not_entrant pc=0x0000000002907b1c method=java.lang.String.equals(Ljava/lang/Object;)Z @ 8
Event: 2.625 Thread 0x00000000026a0800 Uncommon trap: reason=unstable_if action=reinterpret pc=0x000000000296a368 method=java.lang.String.indexOf([CII[CIII)I @ 3

Internal exceptions (10 events):
Event: 0.026 Thread 0x00000000026a0800 Exception <a 'java/lang/NoSuchMethodError': Method sun.misc.Unsafe.prefetchRead(Ljava/lang/Object;J)V name or signature does not match> (0x000000076b38d710) thrown at [C:\re\workspace\8-2-build-windows-amd64-cygwin\jdk8u60\4407\hotspot\src\share\vm\prims\j¢tl­†ï°?
Event: 0.066 Thread 0x00000000026a0800 Exception <a 'java/security/PrivilegedActionException'> (0x000000076b3f8430) thrown at [C:\re\workspace\8-2-build-windows-amd64-cygwin\jdk8u60\4407\hotspot\src\share\vm\prims\jvm.cpp, line 1386]
Event: 0.066 Thread 0x00000000026a0800 Exception <a 'java/security/PrivilegedActionException'> (0x000000076b3f8640) thrown at [C:\re\workspace\8-2-build-windows-amd64-cygwin\jdk8u60\4407\hotspot\src\share\vm\prims\jvm.cpp, line 1386]
Event: 0.066 Thread 0x00000000026a0800 Exception <a 'java/security/PrivilegedActionException'> (0x000000076b3fa400) thrown at [C:\re\workspace\8-2-build-windows-amd64-cygwin\jdk8u60\4407\hotspot\src\share\vm\prims\jvm.cpp, line 1386]
Event: 0.066 Thread 0x00000000026a0800 Exception <a 'java/security/PrivilegedActionException'> (0x000000076b3fa610) thrown at [C:\re\workspace\8-2-build-windows-amd64-cygwin\jdk8u60\4407\hotspot\src\share\vm\prims\jvm.cpp, line 1386]
Event: 0.070 Thread 0x00000000026a0800 Exception <a 'java/io/FileNotFoundException'> (0x000000076b3fc8d8) thrown at [C:\re\workspace\8-2-build-windows-amd64-cygwin\jdk8u60\4407\hotspot\src\share\vm\prims\jni.cpp, line 709]
Event: 0.095 Thread 0x00000000026a0800 Exception <a 'java/lang/NoSuchFieldError': method resolution failed> (0x000000076b7597d8) thrown at [C:\re\workspace\8-2-build-windows-amd64-cygwin\jdk8u60\4407\hotspot\src\share\vm\prims\methodHandles.cpp, line 1146]
Event: 0.096 Thread 0x00000000026a0800 Exception <a 'java/lang/NoSuchFieldError': method resolution failed> (0x000000076b766ba8) thrown at [C:\re\workspace\8-2-build-windows-amd64-cygwin\jdk8u60\4407\hotspot\src\share\vm\prims\methodHandles.cpp, line 1146]
Event: 0.114 Thread 0x00000000026a0800 Implicit null exception at 0x0000000002907926 to 0x0000000002907b0d
Event: 0.122 Thread 0x00000000026a0800 Exception <a 'java/io/FileNotFoundException'> (0x000000076b7f1c10) thrown at [C:\re\workspace\8-2-build-windows-amd64-cygwin\jdk8u60\4407\hotspot\src\share\vm\prims\jni.cpp, line 709]

Events (10 events):
Event: 4.685 Thread 0x000000001f197800 Thread added: 0x000000001f197800
Event: 4.685 Thread 0x000000001f198800 Thread added: 0x000000001f198800
Event: 4.685 Thread 0x000000001f223000 Thread added: 0x000000001f223000
Event: 4.685 Thread 0x000000001f198800 Thread exited: 0x000000001f198800
Event: 4.686 loading class sun/reflect/UnsafeObjectFieldAccessorImpl
Event: 4.686 loading class sun/reflect/UnsafeObjectFieldAccessorImpl done
Event: 4.686 loading class java/util/Vector$Itr
Event: 4.686 loading class java/util/Vector$Itr done
Event: 4.688 Thread 0x000000001f223000 Thread exited: 0x000000001f223000
Event: 4.690 Thread 0x000000001f001000 Thread exited: 0x000000001f001000


Dynamic libraries:
0x00007ff6059f0000 - 0x00007ff605a27000 	D:\JDK\bin\javaw.exe
0x00007ffc164f0000 - 0x00007ffc166b1000 	C:\WINDOWS\SYSTEM32\ntdll.dll
0x00007ffc15f60000 - 0x00007ffc1600d000 	C:\WINDOWS\system32\KERNEL32.DLL
0x00007ffc13210000 - 0x00007ffc133f8000 	C:\WINDOWS\system32\KERNELBASE.dll
0x00007ffc160e0000 - 0x00007ffc16187000 	C:\WINDOWS\system32\ADVAPI32.dll
0x00007ffc15a50000 - 0x00007ffc15aed000 	C:\WINDOWS\system32\msvcrt.dll
0x00007ffc13ad0000 - 0x00007ffc13b2b000 	C:\WINDOWS\system32\sechost.dll
0x00007ffc13db0000 - 0x00007ffc13ecc000 	C:\WINDOWS\system32\RPCRT4.dll
0x00007ffc13970000 - 0x00007ffc13ac6000 	C:\WINDOWS\system32\USER32.dll
0x00007ffc15700000 - 0x00007ffc15886000 	C:\WINDOWS\system32\GDI32.dll
0x00007ffc0de70000 - 0x00007ffc0e0e4000 	C:\WINDOWS\WinSxS\amd64_microsoft.windows.common-controls_6595b64144ccf1df_6.0.10586.0_none_8c15ae12515e1c22\COMCTL32.dll
0x00007ffc13b30000 - 0x00007ffc13dad000 	C:\WINDOWS\system32\combase.dll
0x00007ffc136f0000 - 0x00007ffc1375a000 	C:\WINDOWS\system32\bcryptPrimitives.dll
0x00007ffc15af0000 - 0x00007ffc15b2b000 	C:\WINDOWS\system32\IMM32.DLL
0x0000000075d90000 - 0x0000000075e62000 	D:\JDK\bin\msvcr100.dll
0x0000000075500000 - 0x0000000075d89000 	D:\JDK\bin\server\jvm.dll
0x00007ffc13ed0000 - 0x00007ffc13ed8000 	C:\WINDOWS\system32\PSAPI.DLL
0x00007ffc011b0000 - 0x00007ffc011b9000 	C:\WINDOWS\SYSTEM32\WSOCK32.dll
0x00007ffc11240000 - 0x00007ffc11263000 	C:\WINDOWS\SYSTEM32\WINMM.dll
0x00007ffc0e6c0000 - 0x00007ffc0e6ca000 	C:\WINDOWS\SYSTEM32\VERSION.dll
0x00007ffc13ef0000 - 0x00007ffc13f5b000 	C:\WINDOWS\system32\WS2_32.dll
0x0000000000da0000 - 0x0000000000dcc000 	C:\WINDOWS\SYSTEM32\WINMMBASE.dll
0x00007ffc137f0000 - 0x00007ffc13833000 	C:\WINDOWS\system32\cfgmgr32.dll
0x0000000077990000 - 0x000000007799f000 	D:\JDK\bin\verify.dll
0x00000000754d0000 - 0x00000000754f9000 	D:\JDK\bin\java.dll
0x00000000754b0000 - 0x00000000754c6000 	D:\JDK\bin\zip.dll
0x00007ffc14070000 - 0x00007ffc155cc000 	C:\WINDOWS\system32\SHELL32.dll
0x00007ffc12ba0000 - 0x00007ffc131e4000 	C:\WINDOWS\system32\windows.storage.dll
0x00007ffc159f0000 - 0x00007ffc15a42000 	C:\WINDOWS\system32\shlwapi.dll
0x00007ffc12b30000 - 0x00007ffc12b3f000 	C:\WINDOWS\system32\kernel.appcore.dll
0x00007ffc13400000 - 0x00007ffc134b5000 	C:\WINDOWS\system32\shcore.dll
0x00007ffc12b50000 - 0x00007ffc12b9b000 	C:\WINDOWS\system32\powrprof.dll
0x00007ffc12b10000 - 0x00007ffc12b24000 	C:\WINDOWS\system32\profapi.dll
0x00000000752a0000 - 0x0000000075438000 	D:\JDK\bin\awt.dll
0x00007ffc16010000 - 0x00007ffc160d1000 	C:\WINDOWS\system32\OLEAUT32.dll
0x00007ffc11300000 - 0x00007ffc11379000 	C:\WINDOWS\system32\apphelp.dll
0x00007ffc10640000 - 0x00007ffc10662000 	C:\WINDOWS\system32\DWMAPI.DLL
0x00007ffc11540000 - 0x00007ffc115d6000 	C:\WINDOWS\system32\uxtheme.dll
0x00007ffc15890000 - 0x00007ffc159ea000 	C:\WINDOWS\system32\MSCTF.dll
0x00007ffc16190000 - 0x00007ffc162d3000 	C:\WINDOWS\system32\ole32.dll
0x00000000761e0000 - 0x0000000076227000 	D:\JDK\bin\fontmanager.dll
0x0000000075490000 - 0x00000000754aa000 	D:\JDK\bin\net.dll
0x00007ffc123e0000 - 0x00007ffc1243c000 	C:\WINDOWS\system32\mswsock.dll
0x0000000075470000 - 0x0000000075481000 	D:\JDK\bin\nio.dll
0x0000000075250000 - 0x0000000075292000 	D:\JDK\bin\t2k.dll
0x00007ffc12490000 - 0x00007ffc124a7000 	C:\WINDOWS\SYSTEM32\CRYPTSP.dll
0x00007ffc12120000 - 0x00007ffc12154000 	C:\WINDOWS\system32\rsaenh.dll
0x00007ffc12a40000 - 0x00007ffc12a69000 	C:\WINDOWS\SYSTEM32\bcrypt.dll
0x00007ffc12270000 - 0x00007ffc1228f000 	C:\WINDOWS\SYSTEM32\USERENV.dll
0x00007ffc125b0000 - 0x00007ffc125bb000 	C:\WINDOWS\SYSTEM32\CRYPTBASE.dll
0x00007ffc0f700000 - 0x00007ffc0f738000 	C:\WINDOWS\SYSTEM32\IPHLPAPI.DLL
0x00007ffc13ee0000 - 0x00007ffc13ee8000 	C:\WINDOWS\system32\NSI.dll
0x00007ffc0dd40000 - 0x00007ffc0dd56000 	C:\WINDOWS\SYSTEM32\dhcpcsvc6.DLL
0x00007ffc0dcd0000 - 0x00007ffc0dcea000 	C:\WINDOWS\SYSTEM32\dhcpcsvc.DLL
0x00007ffbf25e0000 - 0x00007ffbf276c000 	C:\WINDOWS\SYSTEM32\dbghelp.dll

VM Arguments:
jvm_args: -Dfile.encoding=Cp1252 
java_command: WallpaperChanger
java_class_path (initial): C:\Users\Soneer Sainion\workspace\MonitorLEDColor\bin;C:\Users\Soneer Sainion\workspace\jna.jar;C:\Users\Soneer Sainion\workspace\platform.jar;C:\Users\Soneer Sainion\workspace\joda-time-2.9.4\joda-time-2.9.4.jar
Launcher Type: SUN_STANDARD

Environment Variables:
PATH=C:\ProgramData\Oracle\Java\javapath;C:\Program Files (x86)\NVIDIA Corporation\PhysX\Common;C:\Program Files (x86)\Intel\iCLS Client\;C:\Program Files\Intel\iCLS Client\;C:\WINDOWS\system32;C:\WINDOWS;C:\WINDOWS\System32\Wbem;C:\WINDOWS\System32\WindowsPowerShell\v1.0\;C:\Program Files\Intel\Intel(R) Management Engine Components\DAL;C:\Program Files (x86)\Intel\Intel(R) Management Engine Components\DAL;C:\Program Files\Intel\Intel(R) Management Engine Components\IPT;C:\Program Files (x86)\Intel\Intel(R) Management Engine Components\IPT;C:\Program Files\Intel\WiFi\bin\;C:\Program Files\Common Files\Intel\WirelessCommon\;C:\Program Files (x86)\Calibre2\;C:\Program Files (x86)\Windows Live\Shared;C:\Program Files (x86)\Skype\Phone\;C:\RailsInstaller\Git\cmd;C:\RailsInstaller\Ruby2.2.0\bin;D:\sqlite3\sqlite-tools-win32-x86-3110100
USERNAME=Soneer Sainion
OS=Windows_NT
PROCESSOR_IDENTIFIER=Intel64 Family 6 Model 60 Stepping 3, GenuineIntel



---------------  S Y S T E M  ---------------

OS: Windows 10.0 , 64 bit Build 10586 (10.0.10586.0)

CPU:total 8 (4 cores per cpu, 2 threads per core) family 6 model 60 stepping 3, cmov, cx8, fxsr, mmx, sse, sse2, sse3, ssse3, sse4.1, sse4.2, popcnt, avx, avx2, aes, clmul, erms, lzcnt, ht, tsc, tscinvbit, bmi1, bmi2

Memory: 4k page, physical 16663588k(8816916k free), swap 19153956k(9568452k free)

vm_info: Java HotSpot(TM) 64-Bit Server VM (25.60-b23) for windows-amd64 JRE (1.8.0_60-b27), built on Aug  4 2015 11:06:27 by "java_re" with MS VC++ 10.0 (VS2010)

time: Tue Jun 21 22:15:06 2016
elapsed time: 5 seconds (0d 0h 0m 5s)

